<?xml version="1.0" encoding="UTF-8"?>
<!-- Generated by org.testng.reporters.JUnitReportReporter -->
<testsuite hostname="LAPTOP-6US0N6E3" name="Testcases.Create_Type_Of_Work_Test_Case" tests="1" failures="0" timestamp="27 Jun 2019 04:33:29 GMT" time="21.155" errors="0">
  <testcase name="creatework" time="21.155" classname="Testcases.Create_Type_Of_Work_Test_Case"/>
</testsuite> <!-- Testcases.Create_Type_Of_Work_Test_Case -->
