<?xml version="1.0" encoding="UTF-8"?>
<!-- Generated by org.testng.reporters.JUnitReportReporter -->
<testsuite hostname="LAPTOP-6US0N6E3" name="Testcases.Invalid_login_Testcase" tests="1" failures="0" timestamp="27 Jun 2019 04:33:29 GMT" time="8.483" errors="0">
  <testcase name="invalidTestCase" time="8.483" classname="Testcases.Invalid_login_Testcase"/>
</testsuite> <!-- Testcases.Invalid_login_Testcase -->
