<?xml version="1.0" encoding="UTF-8"?>
<!-- Generated by org.testng.reporters.JUnitReportReporter -->
<testsuite hostname="LAPTOP-6US0N6E3" name="Testcases.Valid_Login_Testcase" tests="1" failures="0" timestamp="27 Jun 2019 04:33:29 GMT" time="7.373" errors="0">
  <testcase name="loginTestCase" time="7.373" classname="Testcases.Valid_Login_Testcase"/>
</testsuite> <!-- Testcases.Valid_Login_Testcase -->
